[2026-02-27 18:20:31] [AdminDb] ✅ AdminDB подключена к adminresumes
[2026-02-27 18:20:31] [AdminDb] vacancy_requests всего строк: 1
[2026-02-27 18:20:31] [AdminDb] vacancy_requests с position_id IS NOT NULL: 1
[2026-02-27 18:20:31] [AdminDb] getActiveVacancies вернул строк: 1
[2026-02-27 18:20:31] [AdminDb]   → id=1 position_id=3 position_name=Department Head branch=Главный офис status=approved
[2026-02-27 18:20:34] [AdminDb] vacancy_requests всего строк: 1
[2026-02-27 18:20:34] [AdminDb] vacancy_requests с position_id IS NOT NULL: 1
[2026-02-27 18:20:34] [AdminDb] getActiveVacancies вернул строк: 1
[2026-02-27 18:20:34] [AdminDb]   → id=1 position_id=3 position_name=Department Head branch=Главный офис status=approved
[2026-02-27 18:59:43] [AdminDb] ✅ AdminDB подключена к adminresumes
[2026-02-27 18:59:43] [AdminDb] vacancy_requests всего строк: 2
[2026-02-27 18:59:43] [AdminDb] vacancy_requests с position_id IS NOT NULL: 2
[2026-02-27 18:59:43] [AdminDb] getActiveVacancies вернул строк: 2
[2026-02-27 18:59:43] [AdminDb]   → id=2 position_id=1 position_name=Supervisor / Super Administrator branch=Главный офис status=submitted
[2026-02-27 18:59:43] [AdminDb]   → id=1 position_id=3 position_name=Department Head branch=Главный офис status=approved
[2026-02-27 19:04:27] [AdminDb] ✅ AdminDB подключена к adminresumes
[2026-02-27 19:11:45] [AdminDb] ✅ AdminDB подключена к adminresumes
[2026-02-27 19:15:44] [AdminDb] ✅ AdminDB подключена к adminresumes
[2026-02-27 20:22:39] [AdminDb] ✅ AdminDB подключена к adminresumes
[2026-02-27 20:25:49] [AdminDb] ✅ AdminDB подключена к adminresumes
[2026-02-27 20:29:42] [AdminDb] ✅ AdminDB подключена к adminresumes
[2026-02-27 20:38:05] [AdminDb] ✅ AdminDB подключена к adminresumes
[2026-02-27 20:41:20] [AdminDb] ✅ AdminDB подключена к adminresumes
[2026-02-28 10:58:36] [AdminDb] ✅ AdminDB подключена к adminresumes
[2026-02-28 10:59:21] [AdminDb] ✅ AdminDB подключена к adminresumes
[2026-02-28 19:32:47] [AdminDb] ✅ AdminDB подключена к adminresumes
[2026-02-28 19:52:46] [AdminDb] ✅ AdminDB подключена к adminresumes
[2026-02-28 20:02:42] [AdminDb] ✅ AdminDB подключена к adminresumes
[2026-02-28 20:06:20] [AdminDb] ✅ AdminDB подключена к adminresumes
